--------------------------------- Version Log ----------------------------------
Version                                 Path
System Generator                        C:/Xilinx/14.7/ISE_DS/ISE/sysgen
Matlab 8.2.0.701 (R2013b)               C:/Program Files/MATLAB/R2013b
ISE                                     C:/Xilinx/14.7/ISE_DS/ISE
--------------------------------------------------------------------------------
Summary of Errors:
Error 0001: Undriven input port
     Block: 'PositionSimulation/Dir'
Error 0002: Undriven input port
     Block: 'PositionSimulation/Imp'
--------------------------------------------------------------------------------

Error 0001:

Reported by:
  'PositionSimulation/Dir'

Details:
The input ports on this block must be driven by other Xilinx blocks
--------------------------------------------------------------------------------

Error 0001:

Reported by:
  'PositionSimulation/Imp'

Details:
The input ports on this block must be driven by other Xilinx blocks
--------------------------------------------------------------------------------
