
bitinit version Xilinx EDK 14.7 Build EDK_P.20131013
Copyright (c) Xilinx Inc. 2002.

Parsing MHS File system.mhs...

Overriding IP level properties ...

Computing clock values...
INFO:EDK:740 - Cannot determine the input clock associated with port :
   ilmb_cntlr:BRAM_Clk_A. Clock DRCs will not be performed on this core and
   cores connected to it. 
INFO:EDK:740 - Cannot determine the input clock associated with port :
   dlmb_cntlr:BRAM_Clk_A. Clock DRCs will not be performed on this core and
   cores connected to it. 

Performing IP level DRCs on properties...

Running DRC Tcl procedures for OPTION IPLEVEL_DRC_PROC...
Address Map for Processor microblaze_0
  (0000000000-0x00007fff) dlmb_cntlr	dlmb
  (0000000000-0x00007fff) ilmb_cntlr	ilmb
  (0xcbe00000-0xcbe0ffff) ipsdksebesegespozicio_plbw_3	mb_plb
  (0xcbe12000-0xcbe123ff) LED4gpio	mb_plb
  (0xcbe14000-0xcbe14fff) ipsdksebesegespozicio_plbw_1	mb_plb
  (0xcbe18000-0xcbe19fff) SpiZybo	mb_plb
  (0xcbe1d000-0xcbe1dfff) ipsdksebesegespozicio_plbw_0	mb_plb
  (0xcbe20000-0xcbe2ffff) ipsdksebesegespozicio_plbw_2	mb_plb


WARNING:EDK:2137 - Peripheral ntg_0 is not accessible from any processor in the
   system. Check Bus Interface connections and address parameters. 
INFO:EDK:4130 - IPNAME: plb_v46, INSTANCE:mb_plb - tool is overriding PARAMETER
   C_PLBV46_NUM_MASTERS value to 2 -
   C:\Xilinx\14.7\ISE_DS\EDK\hw\XilinxProcessorIPLib\pcores\plb_v46_v1_05_a\data
   \plb_v46_v2_1_0.mpd line 79 
INFO:EDK:4130 - IPNAME: plb_v46, INSTANCE:mb_plb - tool is overriding PARAMETER
   C_PLBV46_NUM_SLAVES value to 6 -
   C:\Xilinx\14.7\ISE_DS\EDK\hw\XilinxProcessorIPLib\pcores\plb_v46_v1_05_a\data
   \plb_v46_v2_1_0.mpd line 80 
INFO:EDK:4130 - IPNAME: plb_v46, INSTANCE:mb_plb - tool is overriding PARAMETER
   C_PLBV46_MID_WIDTH value to 1 -
   C:\Xilinx\14.7\ISE_DS\EDK\hw\XilinxProcessorIPLib\pcores\plb_v46_v1_05_a\data
   \plb_v46_v2_1_0.mpd line 81 
INFO:EDK:4130 - IPNAME: plb_v46, INSTANCE:mb_plb - tool is overriding PARAMETER
   C_PLBV46_DWIDTH value to 32 -
   C:\Xilinx\14.7\ISE_DS\EDK\hw\XilinxProcessorIPLib\pcores\plb_v46_v1_05_a\data
   \plb_v46_v2_1_0.mpd line 83 
INFO:EDK:4130 - IPNAME: lmb_v10, INSTANCE:ilmb - tool is overriding PARAMETER
   C_LMB_NUM_SLAVES value to 1 -
   C:\Xilinx\14.7\ISE_DS\EDK\hw\XilinxProcessorIPLib\pcores\lmb_v10_v2_00_b\data
   \lmb_v10_v2_1_0.mpd line 82 
INFO:EDK:4130 - IPNAME: lmb_v10, INSTANCE:dlmb - tool is overriding PARAMETER
   C_LMB_NUM_SLAVES value to 1 -
   C:\Xilinx\14.7\ISE_DS\EDK\hw\XilinxProcessorIPLib\pcores\lmb_v10_v2_00_b\data
   \lmb_v10_v2_1_0.mpd line 82 
INFO:EDK:4130 - IPNAME: bram_block, INSTANCE:lmb_bram - tool is overriding
   PARAMETER C_MEMSIZE value to 0x8000 -
   C:\Xilinx\14.7\ISE_DS\EDK\hw\XilinxProcessorIPLib\pcores\bram_block_v1_00_a\d
   ata\bram_block_v2_1_0.mpd line 78 
INFO:EDK:4130 - IPNAME: xps_spi, INSTANCE:SpiZybo - tool is overriding PARAMETER
   C_SPLB_NUM_MASTERS value to 2 -
   C:\Xilinx\14.7\ISE_DS\EDK\hw\XilinxProcessorIPLib\pcores\xps_spi_v2_02_a\data
   \xps_spi_v2_1_0.mpd line 84 
INFO:EDK:4130 - IPNAME: ipsdksebesegespozicio_plbw,
   INSTANCE:ipsdksebesegespozicio_plbw_0 - tool is overriding PARAMETER
   C_SPLB_NUM_MASTERS value to 2 -
   C:\Diak\gl\SPARTAN3E500K_slave\SystemGenrator\MicroBlazeproject\pcores\ipsdks
   ebesegespozicio_plbw_v37_00_a\data\ipsdksebesegespozicio_plbw_v2_1_0.mpd line
   31 
INFO:EDK:4130 - IPNAME: xps_gpio, INSTANCE:LED4gpio - tool is overriding
   PARAMETER C_SPLB_NUM_MASTERS value to 2 -
   C:\Xilinx\14.7\ISE_DS\EDK\hw\XilinxProcessorIPLib\pcores\xps_gpio_v2_00_a\dat
   a\xps_gpio_v2_1_0.mpd line 82 
INFO:EDK:4130 - IPNAME: ipsdksebesegespozicio_plbw,
   INSTANCE:ipsdksebesegespozicio_plbw_1 - tool is overriding PARAMETER
   C_SPLB_NUM_MASTERS value to 2 -
   C:\Diak\gl\SPARTAN3E500K_slave\SystemGenrator\MicroBlazeproject\pcores\ipsdks
   ebesegespozicio_plbw_v37_00_a\data\ipsdksebesegespozicio_plbw_v2_1_0.mpd line
   31 
INFO:EDK:4130 - IPNAME: ipsdksebesegespozicio_plbw,
   INSTANCE:ipsdksebesegespozicio_plbw_2 - tool is overriding PARAMETER
   C_SPLB_NUM_MASTERS value to 2 -
   C:\Diak\gl\SPARTAN3E500K_slave\SystemGenrator\MicroBlazeproject\pcores\ipsdks
   ebesegespozicio_plbw_v37_00_a\data\ipsdksebesegespozicio_plbw_v2_1_0.mpd line
   31 
INFO:EDK:4130 - IPNAME: ipsdksebesegespozicio_plbw,
   INSTANCE:ipsdksebesegespozicio_plbw_3 - tool is overriding PARAMETER
   C_SPLB_NUM_MASTERS value to 2 -
   C:\Diak\gl\SPARTAN3E500K_slave\SystemGenrator\MicroBlazeproject\pcores\ipsdks
   ebesegespozicio_plbw_v37_00_a\data\ipsdksebesegespozicio_plbw_v2_1_0.mpd line
   31 

Checking platform address map ...

Initializing Memory...
Running Data2Mem with the following command:
data2mem -bm "implementation/system_bd" -p xc3s500epq208-4 -bt
"implementation/system.bit"  -bd
"SDK/SDK_Export/SpartanPRJ/Debug/SpartanPRJ.elf" tag microblaze_0  -o b
implementation/download.bit 
Memory Initialization completed successfully.

