21:02:45 **** Build of configuration Debug for project FSBL2 ****
make all 
Building file: ../src/ddr_init.c
Invoking: ARM gcc compiler
arm-xilinx-eabi-gcc -Wall -O0 -g3 -c -fmessage-length=0 -I../../RTOS_BSP_2/ps7_cortexa9_0/include -MMD -MP -MF"src/ddr_init.d" -MT"src/ddr_init.d" -o "src/ddr_init.o" "../src/ddr_init.c"
Finished building: ../src/ddr_init.c
 
Building file: ../src/ff.c
Invoking: ARM gcc compiler
arm-xilinx-eabi-gcc -Wall -O0 -g3 -c -fmessage-length=0 -I../../RTOS_BSP_2/ps7_cortexa9_0/include -MMD -MP -MF"src/ff.d" -MT"src/ff.d" -o "src/ff.o" "../src/ff.c"
Finished building: ../src/ff.c
 
Building file: ../src/fsbl_handoff.S
Invoking: ARM gcc compiler
arm-xilinx-eabi-gcc -Wall -O0 -g3 -c -fmessage-length=0 -I../../RTOS_BSP_2/ps7_cortexa9_0/include -MMD -MP -MF"src/fsbl_handoff.d" -MT"src/fsbl_handoff.d" -o "src/fsbl_handoff.o" "../src/fsbl_handoff.S"
Finished building: ../src/fsbl_handoff.S
 
Building file: ../src/fsbl_hooks.c
Invoking: ARM gcc compiler
arm-xilinx-eabi-gcc -Wall -O0 -g3 -c -fmessage-length=0 -I../../RTOS_BSP_2/ps7_cortexa9_0/include -MMD -MP -MF"src/fsbl_hooks.d" -MT"src/fsbl_hooks.d" -o "src/fsbl_hooks.o" "../src/fsbl_hooks.c"
Finished building: ../src/fsbl_hooks.c
 
Building file: ../src/image_mover.c
Invoking: ARM gcc compiler
arm-xilinx-eabi-gcc -Wall -O0 -g3 -c -fmessage-length=0 -I../../RTOS_BSP_2/ps7_cortexa9_0/include -MMD -MP -MF"src/image_mover.d" -MT"src/image_mover.d" -o "src/image_mover.o" "../src/image_mover.c"
Finished building: ../src/image_mover.c
 
Building file: ../src/main.c
Invoking: ARM gcc compiler
arm-xilinx-eabi-gcc -Wall -O0 -g3 -c -fmessage-length=0 -I../../RTOS_BSP_2/ps7_cortexa9_0/include -MMD -MP -MF"src/main.d" -MT"src/main.d" -o "src/main.o" "../src/main.c"
Finished building: ../src/main.c
 
Building file: ../src/md5.c
Invoking: ARM gcc compiler
arm-xilinx-eabi-gcc -Wall -O0 -g3 -c -fmessage-length=0 -I../../RTOS_BSP_2/ps7_cortexa9_0/include -MMD -MP -MF"src/md5.d" -MT"src/md5.d" -o "src/md5.o" "../src/md5.c"
Finished building: ../src/md5.c
 
Building file: ../src/mmc.c
Invoking: ARM gcc compiler
arm-xilinx-eabi-gcc -Wall -O0 -g3 -c -fmessage-length=0 -I../../RTOS_BSP_2/ps7_cortexa9_0/include -MMD -MP -MF"src/mmc.d" -MT"src/mmc.d" -o "src/mmc.o" "../src/mmc.c"
Finished building: ../src/mmc.c
 
Building file: ../src/nand.c
Invoking: ARM gcc compiler
arm-xilinx-eabi-gcc -Wall -O0 -g3 -c -fmessage-length=0 -I../../RTOS_BSP_2/ps7_cortexa9_0/include -MMD -MP -MF"src/nand.d" -MT"src/nand.d" -o "src/nand.o" "../src/nand.c"
Finished building: ../src/nand.c
 
Building file: ../src/nor.c
Invoking: ARM gcc compiler
arm-xilinx-eabi-gcc -Wall -O0 -g3 -c -fmessage-length=0 -I../../RTOS_BSP_2/ps7_cortexa9_0/include -MMD -MP -MF"src/nor.d" -MT"src/nor.d" -o "src/nor.o" "../src/nor.c"
Finished building: ../src/nor.c
 
Building file: ../src/pcap.c
Invoking: ARM gcc compiler
arm-xilinx-eabi-gcc -Wall -O0 -g3 -c -fmessage-length=0 -I../../RTOS_BSP_2/ps7_cortexa9_0/include -MMD -MP -MF"src/pcap.d" -MT"src/pcap.d" -o "src/pcap.o" "../src/pcap.c"
Finished building: ../src/pcap.c
 
Building file: ../src/ps7_init.c
Invoking: ARM gcc compiler
arm-xilinx-eabi-gcc -Wall -O0 -g3 -c -fmessage-length=0 -I../../RTOS_BSP_2/ps7_cortexa9_0/include -MMD -MP -MF"src/ps7_init.d" -MT"src/ps7_init.d" -o "src/ps7_init.o" "../src/ps7_init.c"
Finished building: ../src/ps7_init.c
 
Building file: ../src/qspi.c
Invoking: ARM gcc compiler
arm-xilinx-eabi-gcc -Wall -O0 -g3 -c -fmessage-length=0 -I../../RTOS_BSP_2/ps7_cortexa9_0/include -MMD -MP -MF"src/qspi.d" -MT"src/qspi.d" -o "src/qspi.o" "../src/qspi.c"
Finished building: ../src/qspi.c
 
Building file: ../src/rsa.c
Invoking: ARM gcc compiler
arm-xilinx-eabi-gcc -Wall -O0 -g3 -c -fmessage-length=0 -I../../RTOS_BSP_2/ps7_cortexa9_0/include -MMD -MP -MF"src/rsa.d" -MT"src/rsa.d" -o "src/rsa.o" "../src/rsa.c"
Finished building: ../src/rsa.c
 
Building file: ../src/sd.c
Invoking: ARM gcc compiler
arm-xilinx-eabi-gcc -Wall -O0 -g3 -c -fmessage-length=0 -I../../RTOS_BSP_2/ps7_cortexa9_0/include -MMD -MP -MF"src/sd.d" -MT"src/sd.d" -o "src/sd.o" "../src/sd.c"
Finished building: ../src/sd.c
 
Building target: FSBL2.elf
Invoking: ARM gcc linker
arm-xilinx-eabi-gcc -L"C:\Diak\gl\Zybo_master\workspace\FSBL2\src" -Wl,-T -Wl,../src/lscript.ld -L../../RTOS_BSP_2/ps7_cortexa9_0/lib -o "FSBL2.elf"  ./src/ddr_init.o ./src/ff.o ./src/fsbl_handoff.o ./src/fsbl_hooks.o ./src/image_mover.o ./src/main.o ./src/md5.o ./src/mmc.o ./src/nand.o ./src/nor.o ./src/pcap.o ./src/ps7_init.o ./src/qspi.o ./src/rsa.o ./src/sd.o   -lrsa -Wl,--start-group,-lxil,-lfreertos,-lgcc,-lc,--end-group -Wl,--start-group,-lxil,-llwip4,-lgcc,-lc,--end-group
../../RTOS_BSP_2/ps7_cortexa9_0/lib\libfreertos.a(heap_3.o): In function `pvPortMalloc':
C:\Diak\gl\Zybo_master\workspace\RTOS_BSP_2\ps7_cortexa9_0\libsrc\freertos_zynq_v1_00_a\src/heap_3.c:95: undefined reference to `vApplicationMallocFailedHook'
../../RTOS_BSP_2/ps7_cortexa9_0/lib\libfreertos.a(port.o): In function `xPortStartScheduler':
C:\Diak\gl\Zybo_master\workspace\RTOS_BSP_2\ps7_cortexa9_0\libsrc\freertos_zynq_v1_00_a\src/port.c:195: undefined reference to `vApplicationSetupHardware'
collect2.exe: error: ld returned 1 exit status
make: *** [FSBL2.elf] Error 1

21:02:51 Build Finished (took 5s.619ms)

