20:41:30 **** Build of configuration Debug for project RTOSproject ****
make all 
Building file: ../src/echo.c
Invoking: ARM gcc compiler
arm-xilinx-eabi-gcc -Wall -O0 -g3 -c -fmessage-length=0 -I../../RTOS_zynq_bsp_0/ps7_cortexa9_0/include -MMD -MP -MF"src/echo.d" -MT"src/echo.d" -o "src/echo.o" "../src/echo.c"
Finished building: ../src/echo.c
 
Building file: ../src/main.c
Invoking: ARM gcc compiler
arm-xilinx-eabi-gcc -Wall -O0 -g3 -c -fmessage-length=0 -I../../RTOS_zynq_bsp_0/ps7_cortexa9_0/include -MMD -MP -MF"src/main.d" -MT"src/main.d" -o "src/main.o" "../src/main.c"
Finished building: ../src/main.c
 
Building file: ../src/platform.c
Invoking: ARM gcc compiler
arm-xilinx-eabi-gcc -Wall -O0 -g3 -c -fmessage-length=0 -I../../RTOS_zynq_bsp_0/ps7_cortexa9_0/include -MMD -MP -MF"src/platform.d" -MT"src/platform.d" -o "src/platform.o" "../src/platform.c"
Finished building: ../src/platform.c
 
Building file: ../src/platform_mb.c
Invoking: ARM gcc compiler
arm-xilinx-eabi-gcc -Wall -O0 -g3 -c -fmessage-length=0 -I../../RTOS_zynq_bsp_0/ps7_cortexa9_0/include -MMD -MP -MF"src/platform_mb.d" -MT"src/platform_mb.d" -o "src/platform_mb.o" "../src/platform_mb.c"
Finished building: ../src/platform_mb.c
 
Building file: ../src/platform_ppc.c
Invoking: ARM gcc compiler
arm-xilinx-eabi-gcc -Wall -O0 -g3 -c -fmessage-length=0 -I../../RTOS_zynq_bsp_0/ps7_cortexa9_0/include -MMD -MP -MF"src/platform_ppc.d" -MT"src/platform_ppc.d" -o "src/platform_ppc.o" "../src/platform_ppc.c"
Finished building: ../src/platform_ppc.c
 
Building file: ../src/platform_zynq.c
Invoking: ARM gcc compiler
arm-xilinx-eabi-gcc -Wall -O0 -g3 -c -fmessage-length=0 -I../../RTOS_zynq_bsp_0/ps7_cortexa9_0/include -MMD -MP -MF"src/platform_zynq.d" -MT"src/platform_zynq.d" -o "src/platform_zynq.o" "../src/platform_zynq.c"
Finished building: ../src/platform_zynq.c
 
Building target: RTOSproject.elf
Invoking: ARM gcc linker
arm-xilinx-eabi-gcc -Wl,-T -Wl,../src/lscript.ld -L../../RTOS_zynq_bsp_0/ps7_cortexa9_0/lib -o "RTOSproject.elf"  ./src/echo.o ./src/main.o ./src/platform.o ./src/platform_mb.o ./src/platform_ppc.o ./src/platform_zynq.o   -Wl,--start-group,-lxil,-lfreertos,-lgcc,-lc,--end-group -Wl,--start-group,-lxil,-llwip4,-lgcc,-lc,--end-group
../../RTOS_zynq_bsp_0/ps7_cortexa9_0/lib\libfreertos.a(heap_3.o): In function `pvPortMalloc':
C:\Diak\gl\Zybo_master\workspace\RTOS_zynq_bsp_0\ps7_cortexa9_0\libsrc\freertos_zynq_v1_00_a\src/heap_3.c:95: undefined reference to `vApplicationMallocFailedHook'
../../RTOS_zynq_bsp_0/ps7_cortexa9_0/lib\libfreertos.a(port.o): In function `xPortStartScheduler':
C:\Diak\gl\Zybo_master\workspace\RTOS_zynq_bsp_0\ps7_cortexa9_0\libsrc\freertos_zynq_v1_00_a\src/port.c:195: undefined reference to `vApplicationSetupHardware'
../../RTOS_zynq_bsp_0/ps7_cortexa9_0/lib\libxil.a(read.o): In function `read':
C:\Diak\gl\Zybo_master\workspace\RTOS_zynq_bsp_0\ps7_cortexa9_0\libsrc\standalone_v3_05_a\src/read.c:62: undefined reference to `inbyte'
../../RTOS_zynq_bsp_0/ps7_cortexa9_0/lib\libxil.a(read.o): In function `_read':
C:\Diak\gl\Zybo_master\workspace\RTOS_zynq_bsp_0\ps7_cortexa9_0\libsrc\standalone_v3_05_a\src/read.c:84: undefined reference to `inbyte'
collect2.exe: error: ld returned 1 exit status
make: *** [RTOSproject.elf] Error 1

20:41:32 Build Finished (took 2s.480ms)

