Release 14.6 Xflow P.68d (nt64)
Copyright (c) 1995-2013 Xilinx, Inc.  All rights reserved.
xflow.exe -p xc3s1200e-4fg320 -implement balanced_jtag.opt -config
bitgen_jtag.opt jtagcosim_top  
.... Copying flowfile c:/xilinx/14.6/ise_ds/ise/xilinx/data/fpga.flw into
working directory E:\Allamvizsga\Spartan3E6500SystemVer2\ONOFF\netlist\xflow 

Using Flow File:
E:\Allamvizsga\Spartan3E6500SystemVer2\ONOFF\netlist\xflow/fpga.flw 
Using Option File(s): 
 E:\Allamvizsga\Spartan3E6500SystemVer2\ONOFF\netlist\xflow/balanced_jtag.opt 
 E:\Allamvizsga\Spartan3E6500SystemVer2\ONOFF\netlist\xflow/bitgen_jtag.opt 

Creating Script File ... 

#----------------------------------------------#
# Starting program ngdbuild
# ngdbuild -p xc3s1200e-4fg320 -nt timestamp -intstyle xflow
"E:\Allamvizsga\Spartan3E6500SystemVer2\ONOFF\netlist\xflow/jtagcosim_top.ngc"
jtagcosim_top.ngd 
#----------------------------------------------#

Command Line: c:\xilinx\14.6\ise_ds\ise\bin\nt64\unwrapped\ngdbuild.exe -p
xc3s1200e-4fg320 -nt timestamp -intstyle xflow
E:\Allamvizsga\Spartan3E6500SystemVer2\ONOFF\netlist\xflow/jtagcosim_top.ngc
jtagcosim_top.ngd

Reading NGO file
"E:/Allamvizsga/Spartan3E6500SystemVer2/ONOFF/netlist/xflow/jtagcosim_top.ngc"
...
Loading design module
"E:/Allamvizsga/Spartan3E6500SystemVer2/ONOFF/netlist/xflow/jtagcosim_iface_spar
tan3.ngc"...
Loading design module
"E:/Allamvizsga/Spartan3E6500SystemVer2/ONOFF/netlist/xflow/onoff_cw.ngc"...
Loading design module
"E:/Allamvizsga/Spartan3E6500SystemVer2/ONOFF/netlist/xflow/xlpersistentdff.ngc"
...
Loading design module
"E:/Allamvizsga/Spartan3E6500SystemVer2/ONOFF/netlist/xflow/addsb_11_0_80bded470
15320ce.ngc"...
Loading design module
"E:/Allamvizsga/Spartan3E6500SystemVer2/ONOFF/netlist/xflow/mult_11_2_b9a510f8f4
9a69d2.ngc"...
Loading design module
"E:/Allamvizsga/Spartan3E6500SystemVer2/ONOFF/netlist/xflow/addsb_11_0_d2b0e63c2
ff9bf9d.ngc"...
Loading design module
"E:/Allamvizsga/Spartan3E6500SystemVer2/ONOFF/netlist/xflow/cntr_11_0_74252206ec
4646ae.ngc"...
Loading design module
"E:/Allamvizsga/Spartan3E6500SystemVer2/ONOFF/netlist/xflow/mult_11_2_b39611ba54
25a680.ngc"...
Loading design module
"E:/Allamvizsga/Spartan3E6500SystemVer2/ONOFF/netlist/xflow/cntr_11_0_e7c6fab986
d296a4.ngc"...
Gathering constraint information from source properties...
Done.

Annotating constraints to design from ucf file "jtagcosim_top.ucf" ...
Resolving constraint associations...
Checking Constraint Associations...
Done...

Checking expanded design ...
WARNING:NgdBuild:443 - SFF primitive
   'sysgen_hwcosim_iface/sysgen_dut/default_clock_driver_onoff_x0/xlclockdriver_
   1/clr_reg/latency_gt_0.fd_array[1].reg_comp/fd_prim_array[0].bit_is_0.fdre_co
   mp' has unconnected output pin
WARNING:NgdBuild:440 - FF primitive
   'sysgen_hwcosim_iface/sysgen_dut/onoff_x0/black_box/b_kanalis_d1' has
   unconnected output pin
WARNING:NgdBuild:440 - FF primitive
   'sysgen_hwcosim_iface/sysgen_dut/onoff_x0/black_box/b_kanalis_d2' has
   unconnected output pin
WARNING:NgdBuild:440 - FF primitive
   'sysgen_hwcosim_iface/sysgen_dut/onoff_x0/black_box/b_kanalis_d3' has
   unconnected output pin
WARNING:NgdBuild:440 - FF primitive
   'sysgen_hwcosim_iface/sysgen_dut/onoff_x0/black_box/c_kanalis_d1' has
   unconnected output pin
WARNING:NgdBuild:440 - FF primitive
   'sysgen_hwcosim_iface/sysgen_dut/onoff_x0/black_box/c_kanalis_d2' has
   unconnected output pin
WARNING:NgdBuild:440 - FF primitive
   'sysgen_hwcosim_iface/sysgen_dut/onoff_x0/black_box/c_kanalis_d3' has
   unconnected output pin
WARNING:NgdBuild:440 - FF primitive
   'sysgen_hwcosim_iface/sysgen_dut/onoff_x0/black_box/d_kanalis_d1' has
   unconnected output pin
WARNING:NgdBuild:440 - FF primitive
   'sysgen_hwcosim_iface/sysgen_dut/onoff_x0/black_box/d_kanalis_d2' has
   unconnected output pin
WARNING:NgdBuild:440 - FF primitive
   'sysgen_hwcosim_iface/sysgen_dut/onoff_x0/black_box/d_kanalis_d3' has
   unconnected output pin

Partition Implementation Status
-------------------------------

  No Partitions were found in this design.

-------------------------------

NGDBUILD Design Results Summary:
  Number of errors:     0
  Number of warnings:  10

Writing NGD file "jtagcosim_top.ngd" ...
Total REAL time to NGDBUILD completion:  8 sec
Total CPU time to NGDBUILD completion:   4 sec

Writing NGDBUILD log file "jtagcosim_top.bld"...

NGDBUILD done.



#----------------------------------------------#
# Starting program map
# map -o jtagcosim_top_map.ncd -intstyle xflow -timing -pr b -ol high
jtagcosim_top.ngd jtagcosim_top.pcf 
#----------------------------------------------#
Using target part "3s1200efg320-4".
vvvvvvvvvvvvvvvvvvvvvvvvvvvvvvvvvvvvvvvvvvvvvvvvvvvvvvvvvvvvvvvvvvvvvv
INFO:Security:51 - The XILINXD_LICENSE_FILE environment variable is not set.
INFO:Security:52 - The LM_LICENSE_FILE environment variable is set to
'2100@gorgenyi'.
INFO:Security:54 - 'xc3s1200e' is a WebPack part.
WARNING:Security:43 - No license file was found in the standard Xilinx license
directory.
WARNING:Security:44 - Since no license file was found,
       please run the Xilinx License Configuration Manager
       (xlcm or "Manage Xilinx Licenses")
       to assist in obtaining a license.
WARNING:Security:42 - Your software subscription period has lapsed. Your current
version of Xilinx tools will continue to function, but you no longer qualify for
Xilinx software updates or new releases.
----------------------------------------------------------------------
Mapping design into LUTs...
WARNING:MapLib:701 - Signal JC1(7) connected to top level port JC1(7) has been
   removed.
WARNING:MapLib:701 - Signal JC1(6) connected to top level port JC1(6) has been
   removed.
WARNING:MapLib:701 - Signal JC1(5) connected to top level port JC1(5) has been
   removed.
WARNING:MapLib:701 - Signal JC1(4) connected to top level port JC1(4) has been
   removed.
WARNING:MapLib:701 - Signal JC1(3) connected to top level port JC1(3) has been
   removed.
WARNING:MapLib:701 - Signal JC1(2) connected to top level port JC1(2) has been
   removed.
WARNING:MapLib:701 - Signal JB1(7) connected to top level port JB1(7) has been
   removed.
WARNING:MapLib:701 - Signal JB1(6) connected to top level port JB1(6) has been
   removed.
WARNING:MapLib:701 - Signal JB1(5) connected to top level port JB1(5) has been
   removed.
WARNING:MapLib:701 - Signal JB1(4) connected to top level port JB1(4) has been
   removed.
WARNING:MapLib:701 - Signal JB1(3) connected to top level port JB1(3) has been
   removed.
WARNING:MapLib:701 - Signal JB1(2) connected to top level port JB1(2) has been
   removed.
WARNING:MapLib:701 - Signal JB1(1) connected to top level port JB1(1) has been
   removed.
Running directed packing...
Running delay-based LUT packing...
Updating timing models...
Running timing-driven placement...
Total REAL time at the beginning of Placer: 8 secs 
Total CPU  time at the beginning of Placer: 3 secs 

Phase 1.1  Initial Placement Analysis
Phase 1.1  Initial Placement Analysis (Checksum:d7368025) REAL time: 11 secs 

Phase 2.7  Design Feasibility Check
Phase 2.7  Design Feasibility Check (Checksum:d7368025) REAL time: 11 secs 

Phase 3.31  Local Placement Optimization
Phase 3.31  Local Placement Optimization (Checksum:d15800d1) REAL time: 11 secs 

Phase 4.2  Initial Clock and IO Placement



Phase 4.2  Initial Clock and IO Placement (Checksum:e7f86cc6) REAL time: 11 secs 

Phase 5.30  Global Clock Region Assignment
Phase 5.30  Global Clock Region Assignment (Checksum:e7f86cc6) REAL time: 11 secs 

Phase 6.36  Local Placement Optimization
Phase 6.36  Local Placement Optimization (Checksum:e7f86cc6) REAL time: 11 secs 

Phase 7.8  Global Placement
.........................................
....................
Phase 7.8  Global Placement (Checksum:a1ee1197) REAL time: 13 secs 

Phase 8.5  Local Placement Optimization
Phase 8.5  Local Placement Optimization (Checksum:a1ee1197) REAL time: 13 secs 

Phase 9.18  Placement Optimization
Phase 9.18  Placement Optimization (Checksum:82e76853) REAL time: 15 secs 

Phase 10.5  Local Placement Optimization
Phase 10.5  Local Placement Optimization (Checksum:82e76853) REAL time: 15 secs 

Total REAL time to Placer completion: 15 secs 
Total CPU  time to Placer completion: 8 secs 
Running post-placement packing...

Design Summary:
Number of errors:      0
Number of warnings:   13
Logic Utilization:
  Number of Slice Flip Flops:           657 out of  17,344    3%
  Number of 4 input LUTs:               715 out of  17,344    4%
Logic Distribution:
  Number of occupied Slices:            676 out of   8,672    7%
    Number of Slices containing only related logic:     676 out of     676 100%
    Number of Slices containing unrelated logic:          0 out of     676   0%
      *See NOTES below for an explanation of the effects of unrelated logic.
  Total Number of 4 input LUTs:         889 out of  17,344    5%
    Number used as logic:               715
    Number used as a route-thru:        174

  The Slice Logic Distribution report is not meaningful if the design is
  over-mapped for a non-slice resource or if Placement fails.

  Number of bonded IOBs:                 12 out of     250    4%
    IOB Flip Flops:                       2
  Number of RAMB16s:                      2 out of      28    7%
  Number of BUFGMUXs:                     4 out of      24   16%
  Number of BSCANs:                       1 out of       1  100%
  Number of MULT18X18SIOs:                3 out of      28   10%

Average Fanout of Non-Clock Nets:                2.59

Peak Memory Usage:  351 MB
Total REAL time to MAP completion:  16 secs 
Total CPU time to MAP completion:   9 secs 

Mapping completed.
See MAP report file "jtagcosim_top_map.mrp" for details.



#----------------------------------------------#
# Starting program par
# par -w -ol std -intstyle xflow jtagcosim_top_map.ncd jtagcosim_top.ncd
jtagcosim_top.pcf 
#----------------------------------------------#



Constraints file: jtagcosim_top.pcf.
Loading device for application Rf_Device from file '3s1200e.nph' in environment c:\xilinx\14.6\ise_ds\ise\.
   "jtagcosim_top" is an NCD, version 3.2, device xc3s1200e, package fg320, speed -4
INFO:Par:469 - Although the Overall Effort Level (-ol) for this implementation has been set to Standard, Placer will run
   at effort level High. To override this, please set the Placer Effort Level (-pl) to Standard.
vvvvvvvvvvvvvvvvvvvvvvvvvvvvvvvvvvvvvvvvvvvvvvvvvvvvvvvvvvvvvvvvvvvvvv
INFO:Security:51 - The XILINXD_LICENSE_FILE environment variable is not set.
INFO:Security:52 - The LM_LICENSE_FILE environment variable is set to '2100@gorgenyi'.
INFO:Security:54 - 'xc3s1200e' is a WebPack part.
WARNING:Security:43 - No license file was found in the standard Xilinx license directory.
WARNING:Security:44 - Since no license file was found,
       please run the Xilinx License Configuration Manager
       (xlcm or "Manage Xilinx Licenses")
       to assist in obtaining a license.
WARNING:Security:42 - Your software subscription period has lapsed. Your current version of Xilinx tools will continue
to function, but you no longer qualify for Xilinx software updates or new releases.

----------------------------------------------------------------------

Initializing temperature to 85.000 Celsius. (default - Range: -40.000 to 100.000 Celsius)
Initializing voltage to 1.140 Volts. (default - Range: 1.140 to 1.320 Volts)


Device speed data version:  "PRODUCTION 1.27 2013-06-08".



Design Summary Report:

 Number of External IOBs                          12 out of 250     4%

   Number of External Input IOBs                  4

      Number of External Input IBUFs              4
        Number of LOCed External Input IBUFs      4 out of 4     100%


   Number of External Output IOBs                 8

      Number of External Output IOBs              8
        Number of LOCed External Output IOBs      8 out of 8     100%


   Number of External Bidir IOBs                  0


   Number of BSCANs                          1 out of 1     100%
   Number of BUFGMUXs                        4 out of 24     16%
   Number of MULT18X18SIOs                   3 out of 28     10%
   Number of RAMB16s                         2 out of 28      7%
   Number of Slices                        676 out of 8672    7%
      Number of SLICEMs                      0 out of 4336    0%



Overall effort level (-ol):   Standard 
Router effort level (-rl):    Standard 

INFO:Timing:3386 - Intersecting Constraints found and resolved.  For more information, see the TSI report.  Please
   consult the Xilinx Command Line Tools User Guide for information on generating a TSI report.
Starting initial Timing Analysis.  REAL time: 5 secs 
Finished initial Timing Analysis.  REAL time: 5 secs 

Starting Router


Phase  1  : 4011 unrouted;      REAL time: 11 secs 

Phase  2  : 3429 unrouted;      REAL time: 11 secs 

Phase  3  : 766 unrouted;      REAL time: 12 secs 

Phase  4  : 766 unrouted; (Setup:0, Hold:0, Component Switching Limit:0)     REAL time: 12 secs 

Phase  5  : 0 unrouted; (Setup:0, Hold:0, Component Switching Limit:0)     REAL time: 13 secs 

Updating file: jtagcosim_top.ncd with current fully routed design.

Phase  6  : 0 unrouted; (Setup:0, Hold:0, Component Switching Limit:0)     REAL time: 13 secs 

Phase  7  : 0 unrouted; (Setup:0, Hold:0, Component Switching Limit:0)     REAL time: 13 secs 

Phase  8  : 0 unrouted; (Setup:0, Hold:0, Component Switching Limit:0)     REAL time: 14 secs 
WARNING:Route:455 - CLK Net:ibuf_JC1_o(0) may have excessive skew because 
      1 CLK pins and 2 NON_CLK pins failed to route using a CLK template.
WARNING:Route:455 - CLK Net:ibuf_JC1_o(1) may have excessive skew because 
      0 CLK pins and 1 NON_CLK pins failed to route using a CLK template.

Total REAL time to Router completion: 14 secs 
Total CPU time to Router completion: 11 secs 

Partition Implementation Status
-------------------------------

  No Partitions were found in this design.

-------------------------------

Generating "PAR" statistics.

**************************
Generating Clock Report
**************************

+---------------------+--------------+------+------+------------+-------------+
|        Clock Net    |   Resource   |Locked|Fanout|Net Skew(ns)|Max Delay(ns)|
+---------------------+--------------+------+------+------------+-------------+
|sysgen_hwcosim_iface |              |      |      |            |             |
|             /clk_x1 |  BUFGMUX_X1Y0| No   |  123 |  0.204     |  0.373      |
+---------------------+--------------+------+------+------------+-------------+
|    jtag_iface/drck1 | BUFGMUX_X1Y10| No   |  114 |  0.193     |  0.368      |
+---------------------+--------------+------+------+------------+-------------+
|sysgen_hwcosim_iface |              |      |      |            |             |
|         /pci_clk_x0 |  BUFGMUX_X2Y1| No   |  229 |  0.201     |  0.377      |
+---------------------+--------------+------+------+------------+-------------+
|       ibuf_JC1_o(0) |         Local|      |    3 |  0.000     |  1.268      |
+---------------------+--------------+------+------+------------+-------------+
|       ibuf_JC1_o(1) |         Local|      |    3 |  0.367     |  1.823      |
+---------------------+--------------+------+------+------------+-------------+

* Net Skew is the difference between the minimum and maximum routing
only delays for the net. Note this is different from Clock Skew which
is reported in TRCE timing report. Clock Skew is the difference between
the minimum and maximum path delays which includes logic delays.

* The fanout is the number of component pins not the individual BEL loads,
for example SLICE loads not FF loads.

Timing Score: 0 (Setup: 0, Hold: 0, Component Switching Limit: 0)

Number of Timing Constraints that were not applied: 1

Asterisk (*) preceding a constraint indicates it was not met.
   This may be due to a setup or hold violation.

----------------------------------------------------------------------------------------------------------
  Constraint                                |    Check    | Worst Case |  Best Case | Timing |   Timing   
                                            |             |    Slack   | Achievable | Errors |    Score   
----------------------------------------------------------------------------------------------------------
  TS_hwcosim_sys_clk = PERIOD TIMEGRP "hwco | SETUP       |     4.543ns|    15.457ns|       0|           0
  sim_sys_clk" 50 MHz HIGH 50%              | HOLD        |     0.927ns|            |       0|           0
----------------------------------------------------------------------------------------------------------
  TS_J_TO_U = MAXDELAY FROM TIMEGRP "J_CLK" | SETUP       |    10.137ns|     4.863ns|       0|           0
   TO TIMEGRP "U_CLK" 15 ns                 |             |            |            |        |            
----------------------------------------------------------------------------------------------------------
  TS_clk_aaa28ed5 = PERIOD TIMEGRP "clk_aaa | MINPERIOD   |    15.833ns|     4.167ns|       0|           0
  28ed5" 20 ns HIGH 50%                     |             |            |            |        |            
----------------------------------------------------------------------------------------------------------
  NET "jtag_iface/drck1" PERIOD = 30 ns HIG | SETUP       |    22.814ns|     7.186ns|       0|           0
  H 50%                                     | HOLD        |     0.976ns|            |       0|           0
----------------------------------------------------------------------------------------------------------


All constraints were met.


Generating Pad Report.

All signals are completely routed.

Total REAL time to PAR completion: 16 secs 
Total CPU time to PAR completion: 11 secs 

Peak Memory Usage:  304 MB

Placer: Placement generated during map.
Routing: Completed - No errors found.
Timing: Completed - No errors found.

Number of error messages: 0
Number of warning messages: 2
Number of info messages: 2

Writing design to file jtagcosim_top.ncd



PAR done!



#----------------------------------------------#
# Starting program bitgen
# bitgen -w -intstyle xflow -g StartUpClk:JtagClk jtagcosim_top.ncd 
#----------------------------------------------#


