23:25:02 **** Build of project standalone_bsp_3 ****
make -k all 
libgen -hw ../MicroBlazeproject_hw_platform/system.xml\
	       -lp C:/Diak/gl/SPARTAN3E500K_slave/SystemGenrator/MicroBlazeproject -lp C:/Diak/gl/SPARTAN3E500K_slave/SystemGenrator/MicroBlazeproject/drivers -lp C:/Diak/gl/Zybo_master/workspace/xap/design/src/sdk_repo\
	       -pe microblaze_0 \
	       -log libgen.log \
	       system.mss
libgen
Xilinx EDK 14.7 Build EDK_P.20131013
Copyright (c) 1995-2012 Xilinx, Inc.  All rights reserved.

Command Line: libgen -hw ../MicroBlazeproject_hw_platform/system.xml -lp
C:/Diak/gl/SPARTAN3E500K_slave/SystemGenrator/MicroBlazeproject -lp
C:/Diak/gl/SPARTAN3E500K_slave/SystemGenrator/MicroBlazeproject/drivers -lp
C:/Diak/gl/Zybo_master/workspace/xap/design/src/sdk_repo -pe microblaze_0 -log
libgen.log system.mss 

ERROR:EDK:410 - ipsdksebesegespozicio_plbw -
   C:\Diak\gl\SPARTAN3E500K_slave\SystemGenrator\MicroBlazeproject\SDK\SDK_Expor
   t\standalone_bsp_3\system.mss line 43 - No IP instance named
   ipsdksebesegespozicio_plbw_2 is present in the hardware!
ERROR:EDK:1206 - Errors occured while parsing MSS file.
make: *** [microblaze_0/lib/libxil.a] Error 2
make: Target `all' not remade because of errors.

23:25:04 Build Finished (took 1s.104ms)

