Release 14.7 - xst P.20131013 (nt64)
Copyright (c) 1995-2013 Xilinx, Inc.  All rights reserved.
--> 
TABLE OF CONTENTS
  1) Synthesis Options Summary
  2) HDL Compilation
  3) Design Hierarchy Analysis
  4) HDL Analysis
  5) HDL Synthesis
     5.1) HDL Synthesis Report
  6) Advanced HDL Synthesis
     6.1) Advanced HDL Synthesis Report
  7) Low Level Synthesis
  8) Partition Report
  9) Final Report
	9.1) Device utilization summary
	9.2) Partition Resource Summary
	9.3) TIMING REPORT


=========================================================================
*                      Synthesis Options Summary                        *
=========================================================================
---- Source Parameters
Input File Name                    : "xst_jtagcosim_top.prj"
Input Format                       : mixed

---- Target Parameters
Output File Name                   : "jtagcosim_top.ngc"
Output Format                      : NGC
Target Device                      : xc3s500e-4pq208

---- Source Options
Entity Name                        : jtagcosim_top
Top Module Name                    : jtagcosim_top
Automatic Register Balancing       : no

---- Target Options
Add IO Buffers                     : NO
Pack IO Registers into IOBs        : Auto

---- General Options
Keep Hierarchy                     : NO
Bus Delimiter                      : ()
Hierarchy Separator                : /

---- Other Options
report_timing_constraint_problems  : warning

=========================================================================

WARNING:Xst:29 - Optimization Effort not specified
The following parameters have been added:
Optimization Goal                  : SPEED

=========================================================================

=========================================================================
*                          HDL Compilation                              *
=========================================================================
Compiling vhdl file "C:/Diak/gl/SPARTAN3E500K_slave/SystemGenrator/SebessegEsPozicio/netlist/synth_wrapper/jtagcosim_top.vhd" in Library work.
Package <conv_pkg> compiled.
Package body <conv_pkg> compiled.
Entity <single_reg_w_init> compiled.
Entity <single_reg_w_init> (Architecture <structural>) compiled.
Entity <synth_reg_w_init> compiled.
Entity <synth_reg_w_init> (Architecture <structural>) compiled.
Entity <xlslicer> compiled.
Entity <xlslicer> (Architecture <behavior>) compiled.
Entity <xland2> compiled.
Entity <xland2> (Architecture <behavior>) compiled.
Entity <xlreqgrantmanager> compiled.
Entity <xlreqgrantmanager> (Architecture <structural>) compiled.
Entity <xlmemmap> compiled.
Entity <xlmemmap> (Architecture <behavioral>) compiled.
Entity <sysgen_hw_cosim_interface> compiled.
Entity <sysgen_hw_cosim_interface> (Architecture <structural>) compiled.
Entity <xliobuf> compiled.
Entity <xliobuf> (Architecture <structural>) compiled.
Entity <xlibuf> compiled.
Entity <xlibuf> (Architecture <structural>) compiled.
Entity <xlobuf> compiled.
Entity <xlobuf> (Architecture <structural>) compiled.
Entity <xlibufds> compiled.
Entity <xlibufds> (Architecture <structural>) compiled.
Entity <xlobufds> compiled.
Entity <xlobufds> (Architecture <structural>) compiled.
Entity <jtagcosim_top> compiled.
Entity <jtagcosim_top> (Architecture <structural>) compiled.

=========================================================================
*                     Design Hierarchy Analysis                         *
=========================================================================
Analyzing hierarchy for entity <jtagcosim_top> in library <work> (architecture <structural>).

Analyzing hierarchy for entity <xlibuf> in library <work> (architecture <structural>) with generics.
	width = 2

Analyzing hierarchy for entity <xlibuf> in library <work> (architecture <structural>) with generics.
	width = 1

Analyzing hierarchy for entity <xlobuf> in library <work> (architecture <structural>) with generics.
	width = 2

Analyzing hierarchy for entity <xlobuf> in library <work> (architecture <structural>) with generics.
	width = 12

Analyzing hierarchy for entity <sysgen_hw_cosim_interface> in library <work> (architecture <structural>).

Analyzing hierarchy for entity <xlmemmap> in library <work> (architecture <behavioral>) with generics.
	data_width = 32


=========================================================================
*                            HDL Analysis                               *
=========================================================================
Analyzing Entity <jtagcosim_top> in library <work> (Architecture <structural>).
WARNING:Xst:2211 - "C:/Diak/gl/SPARTAN3E500K_slave/SystemGenrator/SebessegEsPozicio/netlist/synth_wrapper/jtagcosim_top.vhd" line 2354: Instantiating black box module <BUFG>.
WARNING:Xst:2211 - "C:/Diak/gl/SPARTAN3E500K_slave/SystemGenrator/SebessegEsPozicio/netlist/synth_wrapper/jtagcosim_top.vhd" line 2360: Instantiating black box module <BUFGMUX>.
WARNING:Xst:2211 - "C:/Diak/gl/SPARTAN3E500K_slave/SystemGenrator/SebessegEsPozicio/netlist/synth_wrapper/jtagcosim_top.vhd" line 2368: Instantiating black box module <BUFGMUX>.
WARNING:Xst:2211 - "C:/Diak/gl/SPARTAN3E500K_slave/SystemGenrator/SebessegEsPozicio/netlist/synth_wrapper/jtagcosim_top.vhd" line 2403: Instantiating black box module <IBUFG>.
WARNING:Xst:2211 - "C:/Diak/gl/SPARTAN3E500K_slave/SystemGenrator/SebessegEsPozicio/netlist/synth_wrapper/jtagcosim_top.vhd" line 2409: Instantiating black box module <jtagcosim_iface_spartan3>.
WARNING:Xst:753 - "C:/Diak/gl/SPARTAN3E500K_slave/SystemGenrator/SebessegEsPozicio/netlist/synth_wrapper/jtagcosim_top.vhd" line 2449: Unconnected output port 'LED' of component 'sysgen_hw_cosim_interface'.
Entity <jtagcosim_top> analyzed. Unit <jtagcosim_top> generated.

Analyzing generic Entity <xlibuf.1> in library <work> (Architecture <structural>).
	width = 2
WARNING:Xst:2211 - "C:/Diak/gl/SPARTAN3E500K_slave/SystemGenrator/SebessegEsPozicio/netlist/synth_wrapper/jtagcosim_top.vhd" line 2167: Instantiating black box module <IBUF>.
WARNING:Xst:2211 - "C:/Diak/gl/SPARTAN3E500K_slave/SystemGenrator/SebessegEsPozicio/netlist/synth_wrapper/jtagcosim_top.vhd" line 2167: Instantiating black box module <IBUF>.
Entity <xlibuf.1> analyzed. Unit <xlibuf.1> generated.

Analyzing generic Entity <xlibuf.2> in library <work> (Architecture <structural>).
	width = 1
WARNING:Xst:2211 - "C:/Diak/gl/SPARTAN3E500K_slave/SystemGenrator/SebessegEsPozicio/netlist/synth_wrapper/jtagcosim_top.vhd" line 2167: Instantiating black box module <IBUF>.
Entity <xlibuf.2> analyzed. Unit <xlibuf.2> generated.

Analyzing generic Entity <xlobuf.1> in library <work> (Architecture <structural>).
	width = 2
WARNING:Xst:2211 - "C:/Diak/gl/SPARTAN3E500K_slave/SystemGenrator/SebessegEsPozicio/netlist/synth_wrapper/jtagcosim_top.vhd" line 2191: Instantiating black box module <OBUF>.
WARNING:Xst:2211 - "C:/Diak/gl/SPARTAN3E500K_slave/SystemGenrator/SebessegEsPozicio/netlist/synth_wrapper/jtagcosim_top.vhd" line 2191: Instantiating black box module <OBUF>.
Entity <xlobuf.1> analyzed. Unit <xlobuf.1> generated.

Analyzing generic Entity <xlobuf.2> in library <work> (Architecture <structural>).
	width = 12
WARNING:Xst:2211 - "C:/Diak/gl/SPARTAN3E500K_slave/SystemGenrator/SebessegEsPozicio/netlist/synth_wrapper/jtagcosim_top.vhd" line 2191: Instantiating black box module <OBUF>.
WARNING:Xst:2211 - "C:/Diak/gl/SPARTAN3E500K_slave/SystemGenrator/SebessegEsPozicio/netlist/synth_wrapper/jtagcosim_top.vhd" line 2191: Instantiating black box module <OBUF>.
WARNING:Xst:2211 - "C:/Diak/gl/SPARTAN3E500K_slave/SystemGenrator/SebessegEsPozicio/netlist/synth_wrapper/jtagcosim_top.vhd" line 2191: Instantiating black box module <OBUF>.
WARNING:Xst:2211 - "C:/Diak/gl/SPARTAN3E500K_slave/SystemGenrator/SebessegEsPozicio/netlist/synth_wrapper/jtagcosim_top.vhd" line 2191: Instantiating black box module <OBUF>.
WARNING:Xst:2211 - "C:/Diak/gl/SPARTAN3E500K_slave/SystemGenrator/SebessegEsPozicio/netlist/synth_wrapper/jtagcosim_top.vhd" line 2191: Instantiating black box module <OBUF>.
WARNING:Xst:2211 - "C:/Diak/gl/SPARTAN3E500K_slave/SystemGenrator/SebessegEsPozicio/netlist/synth_wrapper/jtagcosim_top.vhd" line 2191: Instantiating black box module <OBUF>.
WARNING:Xst:2211 - "C:/Diak/gl/SPARTAN3E500K_slave/SystemGenrator/SebessegEsPozicio/netlist/synth_wrapper/jtagcosim_top.vhd" line 2191: Instantiating black box module <OBUF>.
WARNING:Xst:2211 - "C:/Diak/gl/SPARTAN3E500K_slave/SystemGenrator/SebessegEsPozicio/netlist/synth_wrapper/jtagcosim_top.vhd" line 2191: Instantiating black box module <OBUF>.
WARNING:Xst:2211 - "C:/Diak/gl/SPARTAN3E500K_slave/SystemGenrator/SebessegEsPozicio/netlist/synth_wrapper/jtagcosim_top.vhd" line 2191: Instantiating black box module <OBUF>.
WARNING:Xst:2211 - "C:/Diak/gl/SPARTAN3E500K_slave/SystemGenrator/SebessegEsPozicio/netlist/synth_wrapper/jtagcosim_top.vhd" line 2191: Instantiating black box module <OBUF>.
WARNING:Xst:2211 - "C:/Diak/gl/SPARTAN3E500K_slave/SystemGenrator/SebessegEsPozicio/netlist/synth_wrapper/jtagcosim_top.vhd" line 2191: Instantiating black box module <OBUF>.
WARNING:Xst:2211 - "C:/Diak/gl/SPARTAN3E500K_slave/SystemGenrator/SebessegEsPozicio/netlist/synth_wrapper/jtagcosim_top.vhd" line 2191: Instantiating black box module <OBUF>.
Entity <xlobuf.2> analyzed. Unit <xlobuf.2> generated.

Analyzing Entity <sysgen_hw_cosim_interface> in library <work> (Architecture <structural>).
    Set property "syn_keep = TRUE" for signal <clk_x1>.
    Set user-defined property "KEEP =  TRUE" for signal <clk_x1> (previous value was "KEEP soft").
WARNING:Xst:37 - Detected unknown constraint/property "preserve_signal". This constraint/property is not supported by the current software release and will be ignored.
    Set property "syn_keep = TRUE" for signal <pci_clk_x0>.
    Set user-defined property "KEEP =  TRUE" for signal <pci_clk_x0> (previous value was "KEEP soft").
WARNING:Xst:37 - Detected unknown constraint/property "preserve_signal". This constraint/property is not supported by the current software release and will be ignored.
    Set property "buffer_type = none" for signal <pci_clk_x0>.
WARNING:Xst:2211 - "C:/Diak/gl/SPARTAN3E500K_slave/SystemGenrator/SebessegEsPozicio/netlist/synth_wrapper/jtagcosim_top.vhd" line 2024: Instantiating black box module <meresholtidomotrok_cw>.
Entity <sysgen_hw_cosim_interface> analyzed. Unit <sysgen_hw_cosim_interface> generated.

Analyzing generic Entity <xlmemmap> in library <work> (Architecture <behavioral>).
	data_width = 32
Entity <xlmemmap> analyzed. Unit <xlmemmap> generated.


=========================================================================
*                           HDL Synthesis                               *
=========================================================================

Performing bidirectional port resolution...

Synthesizing Unit <xlmemmap>.
    Related source file is "C:/Diak/gl/SPARTAN3E500K_slave/SystemGenrator/SebessegEsPozicio/netlist/synth_wrapper/jtagcosim_top.vhd".
WARNING:Xst:647 - Input <re> is never used. This port will be preserved and left unconnected if it belongs to a top-level block or it belongs to a sub-block and the hierarchy of this sub-block is preserved.
    Found 32-bit register for signal <data_out_mm>.
    Found 32-bit 4-to-1 multiplexer for signal <data_out_mm$mux0000> created at line 1881.
    Found 1-bit register for signal <int_mm_csereposdir>.
    Found 1-bit register for signal <int_mm_cseresebdir>.
    Found 17-bit register for signal <int_mm_pos>.
    Found 1-bit register for signal <int_mm_pos_en>.
    Found 17-bit register for signal <int_mm_seb>.
    Found 1-bit register for signal <int_mm_seben>.
    Found 32-bit register for signal <int_mm_tsreg>.
    Summary:
	inferred 102 D-type flip-flop(s).
	inferred  32 Multiplexer(s).
Unit <xlmemmap> synthesized.


Synthesizing Unit <xlibuf_1>.
    Related source file is "C:/Diak/gl/SPARTAN3E500K_slave/SystemGenrator/SebessegEsPozicio/netlist/synth_wrapper/jtagcosim_top.vhd".
Unit <xlibuf_1> synthesized.


Synthesizing Unit <xlibuf_2>.
    Related source file is "C:/Diak/gl/SPARTAN3E500K_slave/SystemGenrator/SebessegEsPozicio/netlist/synth_wrapper/jtagcosim_top.vhd".
Unit <xlibuf_2> synthesized.


Synthesizing Unit <xlobuf_1>.
    Related source file is "C:/Diak/gl/SPARTAN3E500K_slave/SystemGenrator/SebessegEsPozicio/netlist/synth_wrapper/jtagcosim_top.vhd".
Unit <xlobuf_1> synthesized.


Synthesizing Unit <xlobuf_2>.
    Related source file is "C:/Diak/gl/SPARTAN3E500K_slave/SystemGenrator/SebessegEsPozicio/netlist/synth_wrapper/jtagcosim_top.vhd".
Unit <xlobuf_2> synthesized.


Synthesizing Unit <sysgen_hw_cosim_interface>.
    Related source file is "C:/Diak/gl/SPARTAN3E500K_slave/SystemGenrator/SebessegEsPozicio/netlist/synth_wrapper/jtagcosim_top.vhd".
WARNING:Xst:647 - Input <Rst> is never used. This port will be preserved and left unconnected if it belongs to a top-level block or it belongs to a sub-block and the hierarchy of this sub-block is preserved.
WARNING:Xst:1780 - Signal <clk_x0> is never used or assigned. This unconnected signal will be trimmed during the optimization process.
    Found 4-bit tristate buffer for signal <LED>.
    Summary:
	inferred   4 Tristate(s).
Unit <sysgen_hw_cosim_interface> synthesized.


Synthesizing Unit <jtagcosim_top>.
    Related source file is "C:/Diak/gl/SPARTAN3E500K_slave/SystemGenrator/SebessegEsPozicio/netlist/synth_wrapper/jtagcosim_top.vhd".
Unit <jtagcosim_top> synthesized.


=========================================================================
HDL Synthesis Report

Macro Statistics
# Registers                                            : 8
 1-bit register                                        : 4
 17-bit register                                       : 2
 32-bit register                                       : 2
# Multiplexers                                         : 1
 32-bit 4-to-1 multiplexer                             : 1
# Tristates                                            : 4
 1-bit tristate buffer                                 : 4

=========================================================================

=========================================================================
*                       Advanced HDL Synthesis                          *
=========================================================================


=========================================================================
Advanced HDL Synthesis Report

Macro Statistics
# Registers                                            : 102
 Flip-Flops                                            : 102
# Multiplexers                                         : 1
 32-bit 4-to-1 multiplexer                             : 1

=========================================================================

=========================================================================
*                         Low Level Synthesis                           *
=========================================================================
WARNING:Xst:1710 - FF/Latch <data_out_mm_16> (without init value) has a constant value of 0 in block <xlmemmap>. This FF/Latch will be trimmed during the optimization process.
WARNING:Xst:1895 - Due to other FF/Latch trimming, FF/Latch <data_out_mm_17> (without init value) has a constant value of 0 in block <xlmemmap>. This FF/Latch will be trimmed during the optimization process.
WARNING:Xst:1895 - Due to other FF/Latch trimming, FF/Latch <data_out_mm_18> (without init value) has a constant value of 0 in block <xlmemmap>. This FF/Latch will be trimmed during the optimization process.
WARNING:Xst:1895 - Due to other FF/Latch trimming, FF/Latch <data_out_mm_19> (without init value) has a constant value of 0 in block <xlmemmap>. This FF/Latch will be trimmed during the optimization process.
WARNING:Xst:1895 - Due to other FF/Latch trimming, FF/Latch <data_out_mm_20> (without init value) has a constant value of 0 in block <xlmemmap>. This FF/Latch will be trimmed during the optimization process.
WARNING:Xst:1895 - Due to other FF/Latch trimming, FF/Latch <data_out_mm_21> (without init value) has a constant value of 0 in block <xlmemmap>. This FF/Latch will be trimmed during the optimization process.
WARNING:Xst:1895 - Due to other FF/Latch trimming, FF/Latch <data_out_mm_22> (without init value) has a constant value of 0 in block <xlmemmap>. This FF/Latch will be trimmed during the optimization process.
WARNING:Xst:1895 - Due to other FF/Latch trimming, FF/Latch <data_out_mm_23> (without init value) has a constant value of 0 in block <xlmemmap>. This FF/Latch will be trimmed during the optimization process.
WARNING:Xst:1895 - Due to other FF/Latch trimming, FF/Latch <data_out_mm_24> (without init value) has a constant value of 0 in block <xlmemmap>. This FF/Latch will be trimmed during the optimization process.
WARNING:Xst:1895 - Due to other FF/Latch trimming, FF/Latch <data_out_mm_25> (without init value) has a constant value of 0 in block <xlmemmap>. This FF/Latch will be trimmed during the optimization process.
WARNING:Xst:1895 - Due to other FF/Latch trimming, FF/Latch <data_out_mm_26> (without init value) has a constant value of 0 in block <xlmemmap>. This FF/Latch will be trimmed during the optimization process.
WARNING:Xst:1895 - Due to other FF/Latch trimming, FF/Latch <data_out_mm_27> (without init value) has a constant value of 0 in block <xlmemmap>. This FF/Latch will be trimmed during the optimization process.
WARNING:Xst:1895 - Due to other FF/Latch trimming, FF/Latch <data_out_mm_28> (without init value) has a constant value of 0 in block <xlmemmap>. This FF/Latch will be trimmed during the optimization process.
WARNING:Xst:1895 - Due to other FF/Latch trimming, FF/Latch <data_out_mm_29> (without init value) has a constant value of 0 in block <xlmemmap>. This FF/Latch will be trimmed during the optimization process.
WARNING:Xst:1895 - Due to other FF/Latch trimming, FF/Latch <data_out_mm_30> (without init value) has a constant value of 0 in block <xlmemmap>. This FF/Latch will be trimmed during the optimization process.
WARNING:Xst:1895 - Due to other FF/Latch trimming, FF/Latch <data_out_mm_31> (without init value) has a constant value of 0 in block <xlmemmap>. This FF/Latch will be trimmed during the optimization process.

Optimizing unit <jtagcosim_top> ...

Optimizing unit <xlmemmap> ...

Optimizing unit <xlobuf_2> ...

Mapping all equations...
Building and optimizing final netlist ...

Final Macro Processing ...

=========================================================================
Final Register Report

Macro Statistics
# Registers                                            : 86
 Flip-Flops                                            : 86

=========================================================================

=========================================================================
*                           Partition Report                            *
=========================================================================

Partition Implementation Status
-------------------------------

  No Partitions were found in this design.

-------------------------------

=========================================================================
*                            Final Report                               *
=========================================================================
Final Results
Top Level Output File Name         : jtagcosim_top.ngc
Output Format                      : NGC
Optimization Goal                  : SPEED
Keep Hierarchy                     : NO

Design Statistics
# IOs                              : 22

Cell Usage :
# BELS                             : 58
#      GND                         : 1
#      INV                         : 1
#      LUT3                        : 34
#      LUT4                        : 15
#      MUXCY                       : 6
#      VCC                         : 1
# FlipFlops/Latches                : 86
#      FDE                         : 86
# Clock Buffers                    : 3
#      BUFG                        : 1
#      BUFGMUX                     : 2
# IO Buffers                       : 22
#      IBUF                        : 5
#      IBUFG                       : 1
#      OBUF                        : 16
# Others                           : 2
#      jtagcosim_iface_spartan3    : 1
#      meresholtidomotrok_cw       : 1
=========================================================================

Device utilization summary:
---------------------------

Selected Device : 3s500epq208-4 

 Number of Slices:                       52  out of   4656     1%  
 Number of Slice Flip Flops:             86  out of   9312     0%  
 Number of 4 input LUTs:                 50  out of   9312     0%  
 Number of IOs:                          22
 Number of bonded IOBs:                  22  out of    158    13%  
 Number of GCLKs:                         3  out of     24    12%  

---------------------------
Partition Resource Summary:
---------------------------

  No Partitions were found in this design.

---------------------------


=========================================================================
TIMING REPORT

NOTE: THESE TIMING NUMBERS ARE ONLY A SYNTHESIS ESTIMATE.
      FOR ACCURATE TIMING INFORMATION PLEASE REFER TO THE TRACE REPORT
      GENERATED AFTER PLACE-and-ROUTE.

Clock Information:
------------------
-----------------------------------+------------------------+-------+
Clock Signal                       | Clock buffer(FF name)  | Load  |
-----------------------------------+------------------------+-------+
sys_clk                            | IBUFG+BUFG+BUFGMUX     | 86    |
-----------------------------------+------------------------+-------+

Asynchronous Control Signals Information:
----------------------------------------
No asynchronous control signals found in this design

Timing Summary:
---------------
Speed Grade: -4

   Minimum period: 2.058ns (Maximum Frequency: 485.909MHz)
   Minimum input arrival time before clock: 6.787ns
   Maximum output required time after clock: 1.011ns
   Maximum combinational path delay: 4.999ns

Timing Detail:
--------------
All values displayed in nanoseconds (ns)

=========================================================================
Timing constraint: Default period analysis for Clock 'sys_clk'
  Clock period: 2.058ns (frequency: 485.909MHz)
  Total number of paths / destination ports: 16 / 16
-------------------------------------------------------------------------
Delay:               2.058ns (Levels of Logic = 1)
  Source:            sysgen_hwcosim_iface/memory_map/data_out_mm_15 (FF)
  Destination:       sysgen_hwcosim_iface/memory_map/data_out_mm_15 (FF)
  Source Clock:      sys_clk rising
  Destination Clock: sys_clk rising

  Data Path: sysgen_hwcosim_iface/memory_map/data_out_mm_15 to sysgen_hwcosim_iface/memory_map/data_out_mm_15
                                Gate     Net
    Cell:in->out      fanout   Delay   Delay  Logical Name (Net Name)
    ----------------------------------------  ------------
     FDE:C->Q              1   0.591   0.455  sysgen_hwcosim_iface/memory_map/data_out_mm_15 (sysgen_hwcosim_iface/memory_map/data_out_mm_15)
     LUT3:I2->O            1   0.704   0.000  sysgen_hwcosim_iface/memory_map/Mmux_data_out_mm_mux000016 (sysgen_hwcosim_iface/memory_map/data_out_mm_mux0000(15))
     FDE:D                     0.308          sysgen_hwcosim_iface/memory_map/data_out_mm_15
    ----------------------------------------
    Total                      2.058ns (1.603ns logic, 0.455ns route)
                                       (77.9% logic, 22.1% route)

=========================================================================
Timing constraint: Default OFFSET IN BEFORE for Clock 'sys_clk'
  Total number of paths / destination ports: 2940 / 172
-------------------------------------------------------------------------
Offset:              6.787ns (Levels of Logic = 8)
  Source:            jtag_iface:addr(14) (PAD)
  Destination:       sysgen_hwcosim_iface/memory_map/int_mm_tsreg_31 (FF)
  Destination Clock: sys_clk rising

  Data Path: jtag_iface:addr(14) to sysgen_hwcosim_iface/memory_map/int_mm_tsreg_31
                                Gate     Net
    Cell:in->out      fanout   Delay   Delay  Logical Name (Net Name)
    ----------------------------------------  ------------
    jtagcosim_iface_spartan3:addr(14)    1   0.000   0.595  jtag_iface (jtag_iface_addr(14))
     LUT4:I0->O            1   0.704   0.000  sysgen_hwcosim_iface/memory_map/int_mm_csereposdir_not00011_wg_lut(1) (sysgen_hwcosim_iface/memory_map/int_mm_csereposdir_not00011_wg_lut(1))
     MUXCY:S->O            1   0.464   0.000  sysgen_hwcosim_iface/memory_map/int_mm_csereposdir_not00011_wg_cy(1) (sysgen_hwcosim_iface/memory_map/int_mm_csereposdir_not00011_wg_cy(1))
     MUXCY:CI->O           1   0.059   0.000  sysgen_hwcosim_iface/memory_map/int_mm_csereposdir_not00011_wg_cy(2) (sysgen_hwcosim_iface/memory_map/int_mm_csereposdir_not00011_wg_cy(2))
     MUXCY:CI->O           1   0.059   0.000  sysgen_hwcosim_iface/memory_map/int_mm_csereposdir_not00011_wg_cy(3) (sysgen_hwcosim_iface/memory_map/int_mm_csereposdir_not00011_wg_cy(3))
     MUXCY:CI->O           1   0.059   0.000  sysgen_hwcosim_iface/memory_map/int_mm_csereposdir_not00011_wg_cy(4) (sysgen_hwcosim_iface/memory_map/int_mm_csereposdir_not00011_wg_cy(4))
     MUXCY:CI->O           2   0.459   0.451  sysgen_hwcosim_iface/memory_map/int_mm_csereposdir_not00011_wg_cy(5) (sysgen_hwcosim_iface/memory_map/int_mm_csereposdir_not00011_wg_cy(5))
     LUT4:I3->O            7   0.704   0.712  sysgen_hwcosim_iface/memory_map/int_mm_csereposdir_not000121 (sysgen_hwcosim_iface/memory_map/N2)
     LUT4:I3->O           32   0.704   1.262  sysgen_hwcosim_iface/memory_map/int_mm_tsreg_not00011 (sysgen_hwcosim_iface/memory_map/int_mm_tsreg_not0001)
     FDE:CE                    0.555          sysgen_hwcosim_iface/memory_map/int_mm_tsreg_0
    ----------------------------------------
    Total                      6.787ns (3.767ns logic, 3.020ns route)
                                       (55.5% logic, 44.5% route)

=========================================================================
Timing constraint: Default OFFSET OUT AFTER for Clock 'sys_clk'
  Total number of paths / destination ports: 86 / 86
-------------------------------------------------------------------------
Offset:              1.011ns (Levels of Logic = 0)
  Source:            sysgen_hwcosim_iface/memory_map/data_out_mm_15 (FF)
  Destination:       jtag_iface:data_out(15) (PAD)
  Source Clock:      sys_clk rising

  Data Path: sysgen_hwcosim_iface/memory_map/data_out_mm_15 to jtag_iface:data_out(15)
                                Gate     Net
    Cell:in->out      fanout   Delay   Delay  Logical Name (Net Name)
    ----------------------------------------  ------------
     FDE:C->Q              1   0.591   0.420  sysgen_hwcosim_iface/memory_map/data_out_mm_15 (sysgen_hwcosim_iface/memory_map/data_out_mm_15)
    jtagcosim_iface_spartan3:data_out(15)        0.000          jtag_iface
    ----------------------------------------
    Total                      1.011ns (0.591ns logic, 0.420ns route)
                                       (58.5% logic, 41.5% route)

=========================================================================
Timing constraint: Default path analysis
  Total number of paths / destination ports: 27 / 27
-------------------------------------------------------------------------
Delay:               4.999ns (Levels of Logic = 2)
  Source:            sys_clk (PAD)
  Destination:       bufgmux_comp1:I0 (PAD)

  Data Path: sys_clk to bufgmux_comp1:I0
                                Gate     Net
    Cell:in->out      fanout   Delay   Delay  Logical Name (Net Name)
    ----------------------------------------  ------------
     IBUFG:I->O            1   2.675   0.420  ibufg_sys_clk (ibufg_sys_clk_O)
     BUFG:I->O             2   1.457   0.447  bufg_sys_clk (bufg_sys_clk_O)
    BUFGMUX:I0                 0.000          bufgmux_comp1
    ----------------------------------------
    Total                      4.999ns (4.132ns logic, 0.867ns route)
                                       (82.7% logic, 17.3% route)

=========================================================================


Total REAL time to Xst completion: 14.00 secs
Total CPU time to Xst completion: 13.89 secs
 
--> 

Total memory usage is 253068 kilobytes

Number of errors   :    0 (   0 filtered)
Number of warnings :   46 (   0 filtered)
Number of infos    :    0 (   0 filtered)

